<?xml version="1.0" encoding="UTF-8"?>
<!-- Generated by org.testng.reporters.JUnitReportReporter -->
<testsuite hostname="Pratik" failures="0" tests="1" name="com.inetbanking.testCases.TC_AddCustomerTest_003" time="17.286" errors="0" timestamp="2023-10-12T23:29:23 IST" skipped="0">
  <testcase classname="com.inetbanking.testCases.TC_AddCustomerTest_003" name="addNewCustomer" time="17.286"/>
  <system-out/>
</testsuite> <!-- com.inetbanking.testCases.TC_AddCustomerTest_003 -->
